2018-12-26 20:31:50: [user=B78737F1688C69503CF63FB01A420FDA, handler=interactive_configuration_main,message=Problems locating/acessing the feature model repository path]
2019-01-23 13:24:45: [user=0B746E33DD020DB5FE490E16ABB7F4AB, handler=export_configuration_csv,message=Configuration engine must be created first]
2019-01-23 14:35:09: [user=99871F2719F017C36CB50E95B51A86E4, handler=export_configuration_csv,message=Configuration engine must be created first]
2019-01-23 14:35:12: [user=99871F2719F017C36CB50E95B51A86E4, handler=export_configuration_csv,message=Configuration engine must be created first]
2019-01-24 02:06:30: [user=4108D6F3812E86DC15847BD89A0BF675, handler=export_configuration_csv,message=Configuration engine must be created first]
2019-01-24 02:06:40: [user=4108D6F3812E86DC15847BD89A0BF675, handler=export_configuration_csv,message=Configuration engine must be created first]
2019-01-24 02:06:46: [user=4108D6F3812E86DC15847BD89A0BF675, handler=export_configuration_csv,message=Configuration engine must be created first]
2019-01-24 02:08:15: [user=4108D6F3812E86DC15847BD89A0BF675, handler=interactive_configuration_updates,message=Problem updating configuration]
2019-02-12 11:15:36: [user=0C27D00E84FDED00BF15CA3AC4686267, handler=interactive_configuration_main,message=Problems locating/acessing the feature model repository path]
2019-02-12 15:19:37: [user=FFD4615E56CF8BA2AE95150622CF1809, handler=interactive_configuration_main,message=Problems locating/acessing the feature model repository path]
2019-02-12 16:38:59: [user=8826C6C84728753CFC69DCA8D423A9BF, handler=export_configuration_csv,message=Configuration engine must be created first]
2019-02-12 16:39:00: [user=8826C6C84728753CFC69DCA8D423A9BF, handler=export_configuration_csv,message=Configuration engine must be created first]
2019-02-12 18:22:01: [user=8826C6C84728753CFC69DCA8D423A9BF, handler=export_configuration_csv,message=Configuration engine must be created first]
2019-02-14 19:46:24: [user=F426A5D99C0A831F322118A63A9E1609, handler=export_configuration_csv,message=Configuration engine must be created first]
2019-02-15 09:18:45: [user=A7485218FE332053FB68E6A39FF67FAB, handler=interactive_configuration_updates,message=Problem updating configuration]
2019-02-20 14:36:04: [user=90F3A546F3FA7B16B7D996C780388507, handler=interactive_configuration_updates,message=Problem updating configuration]
2019-02-20 14:36:12: [user=90F3A546F3FA7B16B7D996C780388507, handler=interactive_configuration_updates,message=Problem updating configuration]
2019-02-20 16:49:58: [user=2C40DAEEA3ED0324CD0C9F79608CE699, handler=interactive_configuration_updates,message=Problem updating configuration]
2019-02-20 16:50:02: [user=2C40DAEEA3ED0324CD0C9F79608CE699, handler=interactive_configuration_updates,message=Problem updating configuration]
2019-02-20 16:56:52: [user=2C40DAEEA3ED0324CD0C9F79608CE699, handler=interactive_configuration_updates,message=Problem updating configuration]
2019-02-20 16:57:02: [user=2C40DAEEA3ED0324CD0C9F79608CE699, handler=interactive_configuration_updates,message=Problem updating configuration]
2019-02-20 16:58:47: [user=2C40DAEEA3ED0324CD0C9F79608CE699, handler=interactive_configuration_updates,message=Problem updating configuration]
2019-02-20 17:17:09: [user=2C40DAEEA3ED0324CD0C9F79608CE699, handler=interactive_configuration_main,message=Error creating SAT configuration engine.]
2019-02-20 19:35:53: [user=D3306AAFDFC12047984DED057C9ABC67, handler=interactive_configuration_updates,message=Problem updating configuration]
2019-02-20 19:36:58: [user=D3306AAFDFC12047984DED057C9ABC67, handler=interactive_configuration_updates,message=Problem updating configuration]
2019-02-20 20:17:51: [user=D3306AAFDFC12047984DED057C9ABC67, handler=export_configuration_csv,message=Configuration engine must be created first]
2019-02-21 10:22:53: [user=D401723416EA3FFCAEBC26A519380044, handler=interactive_configuration_updates,message=Problem updating configuration]
2019-02-21 10:22:58: [user=D401723416EA3FFCAEBC26A519380044, handler=interactive_configuration_updates,message=Problem updating configuration]
2019-02-21 12:33:24: [user=46E01571DD18CC2F7463047248141F14, handler=interactive_configuration_updates,message=Problem updating configuration]
2019-02-21 12:33:29: [user=46E01571DD18CC2F7463047248141F14, handler=interactive_configuration_main,message=Problems locating/acessing the feature model repository path]
2019-02-21 12:33:34: [user=46E01571DD18CC2F7463047248141F14, handler=interactive_configuration_updates,message=Problem updating configuration]
2019-02-21 12:50:49: [user=46E01571DD18CC2F7463047248141F14, handler=interactive_configuration_updates,message=Problem updating configuration]
2019-02-21 12:51:00: [user=46E01571DD18CC2F7463047248141F14, handler=interactive_configuration_updates,message=Problem updating configuration]
2019-02-22 16:38:19: [user=41D287D21651E46AFEF406550FA42D18, handler=export_configuration_csv,message=Configuration engine must be created first]
2019-02-22 16:39:28: [user=41D287D21651E46AFEF406550FA42D18, handler=export_configuration_csv,message=Configuration engine must be created first]
2019-02-22 16:39:30: [user=41D287D21651E46AFEF406550FA42D18, handler=export_configuration_csv,message=Configuration engine must be created first]
2019-02-22 16:39:34: [user=41D287D21651E46AFEF406550FA42D18, handler=export_configuration_csv,message=Configuration engine must be created first]
2019-02-22 16:39:37: [user=41D287D21651E46AFEF406550FA42D18, handler=export_configuration_csv,message=Configuration engine must be created first]
2019-02-22 18:36:33: [user=024CD9346C93A94C678D3BBE053D4E8E, handler=interactive_configuration_updates,message=Problem updating configuration]
2019-02-22 18:36:35: [user=024CD9346C93A94C678D3BBE053D4E8E, handler=interactive_configuration_updates,message=Problem updating configuration]
2019-02-22 18:36:48: [user=024CD9346C93A94C678D3BBE053D4E8E, handler=interactive_configuration_updates,message=Problem updating configuration]
2019-02-22 18:36:53: [user=024CD9346C93A94C678D3BBE053D4E8E, handler=interactive_configuration_updates,message=Problem updating configuration]
2019-02-22 18:37:35: [user=024CD9346C93A94C678D3BBE053D4E8E, handler=interactive_configuration_updates,message=Problem updating configuration]
2019-02-22 18:37:43: [user=024CD9346C93A94C678D3BBE053D4E8E, handler=interactive_configuration_updates,message=Problem updating configuration]
2019-02-22 18:51:22: [user=024CD9346C93A94C678D3BBE053D4E8E, handler=interactive_configuration_updates,message=Problem updating configuration]
2019-02-25 10:22:18: [user=8F4A5081C246ACC2F2D10ED15E31F0E4, handler=detect_conflicts,message=Problems computing feature conflicts]
2019-02-25 10:33:17: [user=8F4A5081C246ACC2F2D10ED15E31F0E4, handler=detect_conflicts,message=Problems computing feature conflicts]
2019-02-25 11:03:14: [user=B5081A0B836ACE0AE7423FED5E9DD120, handler=export_configuration_csv,message=Configuration engine must be created first]
2019-02-25 13:31:37: [user=0FBC8F0D0718D897416D643740378475, handler=export_configuration_csv,message=Configuration engine must be created first]
2019-02-25 16:05:59: [user=F2B6F6FB70F170050FB3A07F8E15CB1E, handler=export_configuration_csv,message=Configuration engine must be created first]
2019-02-25 17:24:20: [user=16199A09F4A4A6E7EA3D30BF167F6462, handler=interactive_configuration_main,message=Problems locating/acessing the feature model repository path]
2019-02-27 13:43:46: [user=F00ADC4F5D782A3D5B54C315A446BF9C, handler=interactive_configuration_main,message=Problems locating/acessing the feature model repository path]
2019-02-27 20:13:57: [user=B6793FE57FC81CB6634585FBE54734F2, handler=interactive_configuration_main,message=Problems locating/acessing the feature model repository path]
2019-03-26 08:55:34: [user=67DB722E2148C4B1828BC9385D69E6A2, handler=interactive_configuration_updates,message=Problem updating configuration]
2019-04-16 12:44:03: [user=BC56CCCE1D74AD32A710B535EE8FA64A, handler=export_configuration_csv,message=Configuration engine must be created first]
2019-08-15 15:23:49: [user=F5F68B246B13890CC4DA36981F8C9A1A, handler=export_configuration_csv,message=Configuration engine must be created first]
2019-08-15 15:23:49: [user=4865206A4FB50C38A8120660C572AA36, handler=export_configuration_csv,message=Configuration engine must be created first]
2019-09-19 21:09:23: [user=9AE9BC5BF9D42A50DE715E92762A416E, handler=interactive_configuration_updates,message=Problem updating configuration]
